<?xml version="1.0" encoding="UTF-8"?>
<!-- Generated by org.testng.reporters.JUnitReportReporter -->
<testsuite hostname="DESKTOP-JGL1PCA" failures="0" tests="1" name="Logic.recruitmentTest" time="27.580" errors="0" timestamp="12 Oct 2021 05:37:46 GMT">
  <testcase classname="Logic.recruitmentTest" name="recrt" time="27.580"/>
</testsuite> <!-- Logic.recruitmentTest -->
